2020-09-15 17:50:34.868 ERROR 42285 --- [HikariPool-1 connection adder] com.zaxxer.hikari.pool.HikariPool        : HikariPool-1 - Error thrown while acquiring connection from data source

org.h2.jdbc.JdbcSQLNonTransientConnectionException: The database is open in exclusive mode; can not open additional connections [90135-200]
	at org.h2.message.DbException.getJdbcSQLException(DbException.java:622) ~[h2-1.4.200.jar:1.4.200]
	at org.h2.message.DbException.getJdbcSQLException(DbException.java:429) ~[h2-1.4.200.jar:1.4.200]
	at org.h2.message.DbException.get(DbException.java:205) ~[h2-1.4.200.jar:1.4.200]
	at org.h2.message.DbException.get(DbException.java:181) ~[h2-1.4.200.jar:1.4.200]
	at org.h2.message.DbException.get(DbException.java:170) ~[h2-1.4.200.jar:1.4.200]
	at org.h2.engine.Session.checkSuspended(Session.java:1369) ~[h2-1.4.200.jar:1.4.200]
	at org.h2.engine.Session.isOpen(Session.java:1303) ~[h2-1.4.200.jar:1.4.200]
	at org.h2.engine.Session.waitIfExclusiveModeEnabled(Session.java:1639) ~[h2-1.4.200.jar:1.4.200]
	at org.h2.command.Command.executeQuery(Command.java:186) ~[h2-1.4.200.jar:1.4.200]
	at org.h2.jdbc.JdbcConnection.isReadOnly(JdbcConnection.java:631) ~[h2-1.4.200.jar:1.4.200]
	at com.zaxxer.hikari.pool.PoolBase.setupConnection(PoolBase.java:402) ~[HikariCP-3.4.5.jar:na]
	at com.zaxxer.hikari.pool.PoolBase.newConnection(PoolBase.java:363) ~[HikariCP-3.4.5.jar:na]
	at com.zaxxer.hikari.pool.PoolBase.newPoolEntry(PoolBase.java:206) ~[HikariCP-3.4.5.jar:na]
	at com.zaxxer.hikari.pool.HikariPool.createPoolEntry(HikariPool.java:477) [HikariCP-3.4.5.jar:na]
	at com.zaxxer.hikari.pool.HikariPool.access$100(HikariPool.java:71) [HikariCP-3.4.5.jar:na]
	at com.zaxxer.hikari.pool.HikariPool$PoolEntryCreator.call(HikariPool.java:725) [HikariCP-3.4.5.jar:na]
	at com.zaxxer.hikari.pool.HikariPool$PoolEntryCreator.call(HikariPool.java:711) [HikariCP-3.4.5.jar:na]
	at java.util.concurrent.FutureTask.run(FutureTask.java:266) [na:1.8.0_131]
	at java.util.concurrent.ThreadPoolExecutor.runWorker(ThreadPoolExecutor.java:1142) [na:1.8.0_131]
	at java.util.concurrent.ThreadPoolExecutor$Worker.run(ThreadPoolExecutor.java:617) [na:1.8.0_131]
	at java.lang.Thread.run(Thread.java:748) [na:1.8.0_131]

2020-09-15 17:50:37.607  INFO 42308 --- [restartedMain] c.s.SaytfastWeb.SaytfastWebApplication   : Starting SaytfastWebApplication on rhetts-Mac-Pro-3.local with PID 42308 (/Users/rhettherring/IdeaProjects/SaytfastWeb /target/classes started by rhettherring in /Users/rhettherring/IdeaProjects/SaytfastWeb )
2020-09-15 17:50:37.609  INFO 42308 --- [restartedMain] c.s.SaytfastWeb.SaytfastWebApplication   : The following profiles are active: dev
2020-09-15 17:50:37.656  INFO 42308 --- [restartedMain] .e.DevToolsPropertyDefaultsPostProcessor : Devtools property defaults active! Set 'spring.devtools.add-properties' to 'false' to disable
2020-09-15 17:50:37.657  INFO 42308 --- [restartedMain] .e.DevToolsPropertyDefaultsPostProcessor : For additional web related logging consider setting the 'logging.level.web' property to 'DEBUG'
2020-09-15 17:50:38.432  INFO 42308 --- [restartedMain] .s.d.r.c.RepositoryConfigurationDelegate : Bootstrapping Spring Data JPA repositories in DEFERRED mode.
2020-09-15 17:50:38.479  INFO 42308 --- [restartedMain] .s.d.r.c.RepositoryConfigurationDelegate : Finished Spring Data repository scanning in 41ms. Found 1 JPA repository interfaces.
2020-09-15 17:50:38.956  INFO 42308 --- [restartedMain] o.s.b.w.embedded.tomcat.TomcatWebServer  : Tomcat initialized with port(s): 8080 (http)
2020-09-15 17:50:38.963  INFO 42308 --- [restartedMain] o.apache.catalina.core.StandardService   : Starting service [Tomcat]
2020-09-15 17:50:38.963  INFO 42308 --- [restartedMain] org.apache.catalina.core.StandardEngine  : Starting Servlet engine: [Apache Tomcat/9.0.37]
2020-09-15 17:50:39.030  INFO 42308 --- [restartedMain] o.a.c.c.C.[Tomcat].[localhost].[/]       : Initializing Spring embedded WebApplicationContext
2020-09-15 17:50:39.030  INFO 42308 --- [restartedMain] w.s.c.ServletWebServerApplicationContext : Root WebApplicationContext: initialization completed in 1373 ms
2020-09-15 17:50:39.133  INFO 42308 --- [restartedMain] com.zaxxer.hikari.HikariDataSource       : HikariPool-1 - Starting...
2020-09-15 17:50:39.214  INFO 42308 --- [restartedMain] com.zaxxer.hikari.HikariDataSource       : HikariPool-1 - Start completed.
2020-09-15 17:50:39.219  INFO 42308 --- [restartedMain] o.s.b.a.h2.H2ConsoleAutoConfiguration    : H2 console available at '/h2-console'. Database available at 'jdbc:h2:mem:SayitfastWeb'
2020-09-15 17:50:39.361  INFO 42308 --- [restartedMain] o.s.s.concurrent.ThreadPoolTaskExecutor  : Initializing ExecutorService 'applicationTaskExecutor'
2020-09-15 17:50:39.403  INFO 42308 --- [task-1] o.hibernate.jpa.internal.util.LogHelper  : HHH000204: Processing PersistenceUnitInfo [name: default]
2020-09-15 17:50:39.495  INFO 42308 --- [task-1] org.hibernate.Version                    : HHH000412: Hibernate ORM core version 5.4.21.Final
2020-09-15 17:50:39.495  WARN 42308 --- [restartedMain] JpaBaseConfiguration$JpaWebConfiguration : spring.jpa.open-in-view is enabled by default. Therefore, database queries may be performed during view rendering. Explicitly configure spring.jpa.open-in-view to disable this warning
2020-09-15 17:50:39.598  INFO 42308 --- [task-1] o.hibernate.annotations.common.Version   : HCANN000001: Hibernate Commons Annotations {5.1.0.Final}
2020-09-15 17:50:39.680  INFO 42308 --- [restartedMain] o.s.b.a.w.s.WelcomePageHandlerMapping    : Adding welcome page template: index
2020-09-15 17:50:39.684  INFO 42308 --- [task-1] org.hibernate.dialect.Dialect            : HHH000400: Using dialect: org.hibernate.dialect.H2Dialect
2020-09-15 17:50:40.151  INFO 42308 --- [task-1] o.h.e.t.j.p.i.JtaPlatformInitiator       : HHH000490: Using JtaPlatform implementation: [org.hibernate.engine.transaction.jta.platform.internal.NoJtaPlatform]
2020-09-15 17:50:40.157  INFO 42308 --- [task-1] j.LocalContainerEntityManagerFactoryBean : Initialized JPA EntityManagerFactory for persistence unit 'default'
2020-09-15 17:50:40.173  INFO 42308 --- [task-2] o.s.b.d.a.OptionalLiveReloadServer       : LiveReload server is running on port 35729
2020-09-15 17:50:40.272  INFO 42308 --- [restartedMain] o.s.s.web.DefaultSecurityFilterChain     : Creating filter chain: any request, [org.springframework.security.web.context.request.async.WebAsyncManagerIntegrationFilter@305468ea, org.springframework.security.web.context.SecurityContextPersistenceFilter@10f5c02d, org.springframework.security.web.header.HeaderWriterFilter@28fb7a42, org.springframework.security.web.authentication.logout.LogoutFilter@7e7943c7, org.springframework.security.web.authentication.UsernamePasswordAuthenticationFilter@1dff791b, org.springframework.security.web.savedrequest.RequestCacheAwareFilter@76e2a9ee, org.springframework.security.web.servletapi.SecurityContextHolderAwareRequestFilter@218bdd27, org.springframework.security.web.authentication.rememberme.RememberMeAuthenticationFilter@38c8e90a, org.springframework.security.web.authentication.AnonymousAuthenticationFilter@51ebb9d0, org.springframework.security.web.session.SessionManagementFilter@46b9cf4f, org.springframework.security.web.access.ExceptionTranslationFilter@24d12cbd, org.springframework.security.web.access.intercept.FilterSecurityInterceptor@26b4007c]
2020-09-15 17:50:40.308  INFO 42308 --- [restartedMain] o.s.b.a.e.web.EndpointLinksResolver      : Exposing 15 endpoint(s) beneath base path '/actuator'
2020-09-15 17:50:40.371  INFO 42308 --- [restartedMain] o.s.b.w.embedded.tomcat.TomcatWebServer  : Tomcat started on port(s): 8080 (http) with context path ''
2020-09-15 17:50:40.372  INFO 42308 --- [restartedMain] DeferredRepositoryInitializationListener : Triggering deferred initialization of Spring Data repositories…
2020-09-15 17:50:40.545  INFO 42308 --- [restartedMain] DeferredRepositoryInitializationListener : Spring Data repositories initialized!
2020-09-15 17:50:40.558  INFO 42308 --- [restartedMain] c.s.SaytfastWeb.SaytfastWebApplication   : Started SaytfastWebApplication in 3.26 seconds (JVM running for 3.82)
2020-09-15 17:50:41.003  INFO 42308 --- [RMI TCP Connection(1)-192.168.1.94] o.a.c.c.C.[Tomcat].[localhost].[/]       : Initializing Spring DispatcherServlet 'dispatcherServlet'
2020-09-15 17:50:41.003  INFO 42308 --- [RMI TCP Connection(1)-192.168.1.94] o.s.web.servlet.DispatcherServlet        : Initializing Servlet 'dispatcherServlet'
2020-09-15 17:50:41.009  INFO 42308 --- [RMI TCP Connection(1)-192.168.1.94] o.s.web.servlet.DispatcherServlet        : Completed initialization in 6 ms
2020-09-15 17:50:50.426  INFO 42308 --- [SpringContextShutdownHook] j.LocalContainerEntityManagerFactoryBean : Closing JPA EntityManagerFactory for persistence unit 'default'
2020-09-15 17:50:50.428  INFO 42308 --- [SpringContextShutdownHook] o.s.s.concurrent.ThreadPoolTaskExecutor  : Shutting down ExecutorService 'applicationTaskExecutor'
2020-09-15 17:50:50.636  WARN 42308 --- [SpringContextShutdownHook] o.s.b.f.support.DisposableBeanAdapter    : Invocation of destroy method failed on bean with name 'inMemoryDatabaseShutdownExecutor': org.h2.jdbc.JdbcSQLNonTransientConnectionException: Database is already closed (to disable automatic closing at VM shutdown, add ";DB_CLOSE_ON_EXIT=FALSE" to the db URL) [90121-200]
2020-09-15 17:50:50.636  INFO 42308 --- [SpringContextShutdownHook] com.zaxxer.hikari.HikariDataSource       : HikariPool-1 - Shutdown initiated...
2020-09-15 17:50:50.688  INFO 42308 --- [SpringContextShutdownHook] com.zaxxer.hikari.HikariDataSource       : HikariPool-1 - Shutdown completed.
